0 info it worked if it ends with ok
1 verbose cli [ '/usr/bin/node',
1 verbose cli   '/usr/bin/npm',
1 verbose cli   'install',
1 verbose cli   '--global',
1 verbose cli   'prettier' ]
2 info using npm@3.5.2
3 info using node@v8.10.0
4 silly loadCurrentTree Starting
5 silly install loadCurrentTree
6 silly install readGlobalPackageData
7 silly fetchPackageMetaData prettier
8 silly fetchNamedPackageData prettier
9 silly mapToRegistry name prettier
10 silly mapToRegistry using default registry
11 silly mapToRegistry registry https://registry.npmjs.org/
12 silly mapToRegistry uri https://registry.npmjs.org/prettier
13 verbose request uri https://registry.npmjs.org/prettier
14 verbose request no auth needed
15 info attempt registry request try #1 at 8:54:28 AM
16 verbose request id fe8e5ebac0b579a2
17 http request GET https://registry.npmjs.org/prettier
18 http 200 https://registry.npmjs.org/prettier
19 verbose headers { date: 'Mon, 02 Mar 2020 13:54:29 GMT',
19 verbose headers   'content-type': 'application/json',
19 verbose headers   'transfer-encoding': 'chunked',
19 verbose headers   connection: 'keep-alive',
19 verbose headers   'set-cookie':
19 verbose headers    [ '__cfduid=d08b736ca6e2d142e99a48e392d6ef4db1583157269; expires=Wed, 01-Apr-20 13:54:29 GMT; path=/; domain=.npmjs.org; HttpOnly; SameSite=Lax' ],
19 verbose headers   'cf-ray': '56db9c272f64da96-BOG',
19 verbose headers   age: '1775',
19 verbose headers   'cache-control': 'public, max-age=300',
19 verbose headers   etag: 'W/"28bad383242b85a5a268e9405f452180"',
19 verbose headers   'last-modified': 'Sat, 09 Nov 2019 12:21:18 GMT',
19 verbose headers   vary: 'accept-encoding, accept',
19 verbose headers   'cf-cache-status': 'HIT',
19 verbose headers   'expect-ct': 'max-age=604800, report-uri="https://report-uri.cloudflare.com/cdn-cgi/beacon/expect-ct"',
19 verbose headers   server: 'cloudflare',
19 verbose headers   'content-encoding': 'gzip' }
20 silly get cb [ 200,
20 silly get   { date: 'Mon, 02 Mar 2020 13:54:29 GMT',
20 silly get     'content-type': 'application/json',
20 silly get     'transfer-encoding': 'chunked',
20 silly get     connection: 'keep-alive',
20 silly get     'set-cookie':
20 silly get      [ '__cfduid=d08b736ca6e2d142e99a48e392d6ef4db1583157269; expires=Wed, 01-Apr-20 13:54:29 GMT; path=/; domain=.npmjs.org; HttpOnly; SameSite=Lax' ],
20 silly get     'cf-ray': '56db9c272f64da96-BOG',
20 silly get     age: '1775',
20 silly get     'cache-control': 'public, max-age=300',
20 silly get     etag: 'W/"28bad383242b85a5a268e9405f452180"',
20 silly get     'last-modified': 'Sat, 09 Nov 2019 12:21:18 GMT',
20 silly get     vary: 'accept-encoding, accept',
20 silly get     'cf-cache-status': 'HIT',
20 silly get     'expect-ct': 'max-age=604800, report-uri="https://report-uri.cloudflare.com/cdn-cgi/beacon/expect-ct"',
20 silly get     server: 'cloudflare',
20 silly get     'content-encoding': 'gzip' } ]
21 verbose get saving prettier to /home/alvaro/.npm/registry.npmjs.org/prettier/.cache.json
22 silly install normalizeTree
23 silly loadCurrentTree Finishing
24 silly loadIdealTree Starting
25 silly install loadIdealTree
26 silly cloneCurrentTree Starting
27 silly install cloneCurrentTreeToIdealTree
28 silly cloneCurrentTree Finishing
29 silly loadShrinkwrap Starting
30 silly install loadShrinkwrap
31 silly loadShrinkwrap Finishing
32 silly loadAllDepsIntoIdealTree Starting
33 silly install loadAllDepsIntoIdealTree
34 silly resolveWithNewModule prettier@1.19.1 checking installable status
35 silly cache add args [ 'prettier', null ]
36 verbose cache add spec prettier
37 silly cache add parsed spec Result {
37 silly cache add   raw: 'prettier',
37 silly cache add   scope: null,
37 silly cache add   name: 'prettier',
37 silly cache add   rawSpec: '',
37 silly cache add   spec: 'latest',
37 silly cache add   type: 'tag' }
38 silly addNamed prettier@latest
39 verbose addNamed "latest" is being treated as a dist-tag for prettier
40 info addNameTag [ 'prettier', 'latest' ]
41 silly mapToRegistry name prettier
42 silly mapToRegistry using default registry
43 silly mapToRegistry registry https://registry.npmjs.org/
44 silly mapToRegistry uri https://registry.npmjs.org/prettier
45 verbose addNameTag registry:https://registry.npmjs.org/prettier not in flight; fetching
46 verbose get https://registry.npmjs.org/prettier not expired, no request
47 silly addNameTag next cb for prettier with tag latest
48 silly addNamed prettier@1.19.1
49 verbose addNamed "1.19.1" is a plain semver version for prettier
50 silly mapToRegistry name prettier
51 silly mapToRegistry using default registry
52 silly mapToRegistry registry https://registry.npmjs.org/
53 silly mapToRegistry uri https://registry.npmjs.org/prettier
54 verbose addRemoteTarball https://registry.npmjs.org/prettier/-/prettier-1.19.1.tgz not in flight; adding
55 verbose addRemoteTarball [ 'https://registry.npmjs.org/prettier/-/prettier-1.19.1.tgz',
55 verbose addRemoteTarball   'f7d7f5ff8a9cd872a7be4ca142095956a60797cb' ]
56 info retry fetch attempt 1 at 8:54:28 AM
57 info attempt registry request try #1 at 8:54:28 AM
58 http fetch GET https://registry.npmjs.org/prettier/-/prettier-1.19.1.tgz
59 http fetch 200 https://registry.npmjs.org/prettier/-/prettier-1.19.1.tgz
60 silly fetchAndShaCheck shasum f7d7f5ff8a9cd872a7be4ca142095956a60797cb
61 verbose addTmpTarball /tmp/npm-9184-0bb52935/registry.npmjs.org/prettier/-/prettier-1.19.1.tgz not in flight; adding
62 verbose addTmpTarball already have metadata; skipping unpack for prettier@1.19.1
63 silly cache afterAdd prettier@1.19.1
64 verbose afterAdd /home/alvaro/.npm/prettier/1.19.1/package/package.json not in flight; writing
65 verbose afterAdd /home/alvaro/.npm/prettier/1.19.1/package/package.json written
66 silly loadAllDepsIntoIdealTree Finishing
67 silly idealTree:prePrune lib
67 silly idealTree:prePrune └── prettier@1.19.1
68 silly loadIdealTree Finishing
69 silly currentTree lib
70 silly idealTree lib
70 silly idealTree └── prettier@1.19.1
71 silly generateActionsToTake Starting
72 silly install generateActionsToTake
73 warn checkPermissions Missing write access to /usr/local/lib/node_modules
74 silly rollbackFailedOptional Starting
75 silly rollbackFailedOptional Finishing
76 silly runTopLevelLifecycles Starting
77 silly runTopLevelLifecycles Finishing
78 silly install printInstalled
79 verbose stack Error: EACCES: permission denied, access '/usr/local/lib/node_modules'
80 verbose cwd /home/alvaro/Documents/microverse/Positioning/NYT-Clone
81 error Linux 5.3.0-41-generic
82 error argv "/usr/bin/node" "/usr/bin/npm" "install" "--global" "prettier"
83 error node v8.10.0
84 error npm  v3.5.2
85 error path /usr/local/lib/node_modules
86 error code EACCES
87 error errno -13
88 error syscall access
89 error Error: EACCES: permission denied, access '/usr/local/lib/node_modules'
89 error  { Error: EACCES: permission denied, access '/usr/local/lib/node_modules'
89 error   errno: -13,
89 error   code: 'EACCES',
89 error   syscall: 'access',
89 error   path: '/usr/local/lib/node_modules' }
90 error Please try running this command again as root/Administrator.
91 verbose exit [ -13, true ]
